Using pre-set license
Built from '2020.2/release' branch; Version is '2020.2.2f1 (068178b99f32) revision 426360'; Using compiler version '192528614'; Build Type 'Release'
OS: 'Windows 10 Pro; OS build 19041.985; Version 2004; 64bit' Language: 'en' Physical Memory: 16196 MB
BatchMode: 1, IsHumanControllingUs: 0, StartBugReporterOnCrash: 0, Is64bit: 1, IsPro: 0

 COMMAND LINE ARGUMENTS:
C:\Program Files\Unity\Hub\Editor\2020.2.2f1\Editor\Unity.exe
-adb2
-batchMode
-noUpm
-name
AssetImportWorker0
-projectPath
C:/Users/aidan/OneDrive/Documents/Unity Projects/TOGameJamGame
-logFile
Logs/AssetImportWorker0.log
-srvPort
58174
Successfully changed project path to: C:/Users/aidan/OneDrive/Documents/Unity Projects/TOGameJamGame
C:/Users/aidan/OneDrive/Documents/Unity Projects/TOGameJamGame
Using Asset Import Pipeline V2.
Refreshing native plugins compatible for Editor in 63.16 ms, found 1 plugins.
Preloading 0 native plugins for Editor in 0.00 ms.
Initialize engine version: 2020.2.2f1 (068178b99f32)
[Subsystems] Discovering subsystems at path C:/Program Files/Unity/Hub/Editor/2020.2.2f1/Editor/Data/Resources/UnitySubsystems
[Subsystems] Discovering subsystems at path C:/Users/aidan/OneDrive/Documents/Unity Projects/TOGameJamGame/Assets
GfxDevice: creating device client; threaded=0
Direct3D:
    Version:  Direct3D 11.0 [level 11.1]
    Renderer: NVIDIA GeForce RTX 2060 (ID=0x1f11)
    Vendor:   
    VRAM:     5980 MB
    Driver:   27.21.14.5771
Initialize mono
Mono path[0] = 'C:/Program Files/Unity/Hub/Editor/2020.2.2f1/Editor/Data/Managed'
Mono path[1] = 'C:/Program Files/Unity/Hub/Editor/2020.2.2f1/Editor/Data/MonoBleedingEdge/lib/mono/unityjit'
Mono config path = 'C:/Program Files/Unity/Hub/Editor/2020.2.2f1/Editor/Data/MonoBleedingEdge/etc'
Using monoOptions --debugger-agent=transport=dt_socket,embedding=1,server=y,suspend=n,address=127.0.0.1:56308
Begin MonoManager ReloadAssembly
Registering precompiled unity dll's ...
Register platform support module: C:/Program Files/Unity/Hub/Editor/2020.2.2f1/Editor/Data/PlaybackEngines/WindowsStandaloneSupport/UnityEditor.WindowsStandalone.Extensions.dll
Registered in 0.002768 seconds.
Native extension for WindowsStandalone target not found
Refreshing native plugins compatible for Editor in 56.52 ms, found 1 plugins.
Preloading 0 native plugins for Editor in 0.00 ms.
Invoked RoslynAnalysisRunner static constructor.
RoslynAnalysisRunner will not be running.
RoslynAnalysisRunner has terminated.
Mono: successfully reloaded assembly
- Completed reload, in  1.573 seconds
Platform modules already initialized, skipping
Registering precompiled user dll's ...
Registered in 0.001725 seconds.
Begin MonoManager ReloadAssembly
Native extension for WindowsStandalone target not found
Refreshing native plugins compatible for Editor in 74.81 ms, found 1 plugins.
Preloading 0 native plugins for Editor in 0.00 ms.
Invoked RoslynAnalysisRunner static constructor.
RoslynAnalysisRunner will not be running.
RoslynAnalysisRunner has terminated.
Mono: successfully reloaded assembly
- Completed reload, in  1.383 seconds
Platform modules already initialized, skipping
========================================================================
Worker process is ready to serve import requests
Launched and connected shader compiler UnityShaderCompiler.exe after 0.07 seconds
Refreshing native plugins compatible for Editor in 0.49 ms, found 1 plugins.
Preloading 0 native plugins for Editor in 0.00 ms.
Unloading 1952 Unused Serialized files (Serialized files now loaded: 0)
System memory in use before: 90.0 MB.
System memory in use after: 90.0 MB.

Unloading 25 unused Assets to reduce memory usage. Loaded Objects now: 2395.
Total: 2.744300 ms (FindLiveObjects: 0.238300 ms CreateObjectMapping: 0.125900 ms MarkObjects: 2.229000 ms  DeleteObjects: 0.149300 ms)

========================================================================
Received Import Request.
  path: Assets/Players and Enemries/TOGameJamPlatformTopTemp.png
  artifactKey: Guid(08338cb06deea1b45abf66a327184821) Importer(815301076,1909f56bfc062723c751e8b465ee728b)
Start importing Assets/Players and Enemries/TOGameJamPlatformTopTemp.png using Guid(08338cb06deea1b45abf66a327184821) Importer(815301076,1909f56bfc062723c751e8b465ee728b)  -> (artifact id: 'd3833a57b970e4aaa24056dd5bb1baa6') in 0.191474 seconds
  Import took 0.206474 seconds .

========================================================================
Received Prepare
Registering precompiled user dll's ...
Registered in 0.001576 seconds.
Begin MonoManager ReloadAssembly
Native extension for WindowsStandalone target not found
Refreshing native plugins compatible for Editor in 0.49 ms, found 1 plugins.
Preloading 0 native plugins for Editor in 0.00 ms.
Invoked RoslynAnalysisRunner static constructor.
RoslynAnalysisRunner will not be running.
RoslynAnalysisRunner has terminated.
Mono: successfully reloaded assembly
- Completed reload, in  1.233 seconds
Platform modules already initialized, skipping
Refreshing native plugins compatible for Editor in 0.51 ms, found 1 plugins.
Preloading 0 native plugins for Editor in 0.00 ms.
Unloading 1945 Unused Serialized files (Serialized files now loaded: 0)
System memory in use before: 93.0 MB.
System memory in use after: 93.0 MB.

Unloading 13 unused Assets to reduce memory usage. Loaded Objects now: 2404.
Total: 2.782100 ms (FindLiveObjects: 0.317600 ms CreateObjectMapping: 0.125500 ms MarkObjects: 2.227800 ms  DeleteObjects: 0.109600 ms)

========================================================================
Received Prepare
Registering precompiled user dll's ...
Registered in 0.001576 seconds.
Begin MonoManager ReloadAssembly
Native extension for WindowsStandalone target not found
Refreshing native plugins compatible for Editor in 0.54 ms, found 1 plugins.
Preloading 0 native plugins for Editor in 0.00 ms.
Invoked RoslynAnalysisRunner static constructor.
RoslynAnalysisRunner will not be running.
RoslynAnalysisRunner has terminated.
Mono: successfully reloaded assembly
- Completed reload, in  1.252 seconds
Platform modules already initialized, skipping
Refreshing native plugins compatible for Editor in 0.49 ms, found 1 plugins.
Preloading 0 native plugins for Editor in 0.00 ms.
Unloading 1945 Unused Serialized files (Serialized files now loaded: 0)
System memory in use before: 93.2 MB.
System memory in use after: 93.2 MB.

Unloading 13 unused Assets to reduce memory usage. Loaded Objects now: 2407.
Total: 2.717000 ms (FindLiveObjects: 0.253300 ms CreateObjectMapping: 0.111500 ms MarkObjects: 2.236700 ms  DeleteObjects: 0.114200 ms)

========================================================================
Received Import Request.
  Time since last request: 266.025875 seconds.
  path: Assets/Enemries
  artifactKey: Guid(8c96560546279ca419c2afc85c1e69c7) Importer(815301076,1909f56bfc062723c751e8b465ee728b)
Start importing Assets/Enemries using Guid(8c96560546279ca419c2afc85c1e69c7) Importer(815301076,1909f56bfc062723c751e8b465ee728b)  -> (artifact id: '87b89fcee291c8ba44579f0f8b2a91f4') in 0.012482 seconds
  Import took 0.019765 seconds .

========================================================================
Received Import Request.
  Time since last request: 1.590452 seconds.
  path: Assets/Enemries/Shield.png
  artifactKey: Guid(0e812ab2d6db76a4ead051f7f40d7d5d) Importer(815301076,1909f56bfc062723c751e8b465ee728b)
Start importing Assets/Enemries/Shield.png using Guid(0e812ab2d6db76a4ead051f7f40d7d5d) Importer(815301076,1909f56bfc062723c751e8b465ee728b)  -> (artifact id: '3b766775a787a6ce90d1cc70e35314a9') in 0.085413 seconds
  Import took 0.092267 seconds .

========================================================================
Received Import Request.
  Time since last request: 0.000252 seconds.
  path: Assets/Enemries/Take Hit.png
  artifactKey: Guid(a9de327564288fe4fb3cc4edbf580823) Importer(815301076,1909f56bfc062723c751e8b465ee728b)
Start importing Assets/Enemries/Take Hit.png using Guid(a9de327564288fe4fb3cc4edbf580823) Importer(815301076,1909f56bfc062723c751e8b465ee728b)  -> (artifact id: '7fca9bc866314e6e52219a7207ec7bcd') in 0.032484 seconds
  Import took 0.040863 seconds .

========================================================================
Received Import Request.
  Time since last request: 0.000293 seconds.
  path: Assets/Enemries/Sword_sprite.png
  artifactKey: Guid(fb1e01c2725efb34e813e4a13a9354a8) Importer(815301076,1909f56bfc062723c751e8b465ee728b)
Start importing Assets/Enemries/Sword_sprite.png using Guid(fb1e01c2725efb34e813e4a13a9354a8) Importer(815301076,1909f56bfc062723c751e8b465ee728b)  -> (artifact id: 'bf13555a70705db5b8ca4070c9671da5') in 0.054909 seconds
  Import took 0.062713 seconds .

========================================================================
Received Import Request.
  Time since last request: 0.000267 seconds.
  path: Assets/Enemries/Walk.png
  artifactKey: Guid(8f5af008625865848b6adaabce6140db) Importer(815301076,1909f56bfc062723c751e8b465ee728b)
Start importing Assets/Enemries/Walk.png using Guid(8f5af008625865848b6adaabce6140db) Importer(815301076,1909f56bfc062723c751e8b465ee728b)  -> (artifact id: 'a2343e28c6a30c402683e08bbd1acd95') in 0.032745 seconds
  Import took 0.040011 seconds .

========================================================================
Received Import Request.
  Time since last request: 1.561055 seconds.
  path: Assets/Enemries/Skeleton.controller
  artifactKey: Guid(3cca516de6ebb384bbc9c65e0a1ac366) Importer(815301076,1909f56bfc062723c751e8b465ee728b)
Start importing Assets/Enemries/Skeleton.controller using Guid(3cca516de6ebb384bbc9c65e0a1ac366) Importer(815301076,1909f56bfc062723c751e8b465ee728b)  -> (artifact id: '003451a31285eb979039bc654a461068') in 0.018718 seconds
  Import took 0.025710 seconds .

========================================================================
Received Import Request.
  Time since last request: 14.504307 seconds.
  path: Assets/Enemries/SwordSkeletonAnimation.anim
  artifactKey: Guid(d827c0467dd2b9144844f6dec71cd792) Importer(815301076,1909f56bfc062723c751e8b465ee728b)
Start importing Assets/Enemries/SwordSkeletonAnimation.anim using Guid(d827c0467dd2b9144844f6dec71cd792) Importer(815301076,1909f56bfc062723c751e8b465ee728b)  -> (artifact id: '698f416397f0e933d4c05a565b8c18d6') in 0.012099 seconds
  Import took 0.019734 seconds .

========================================================================
Received Import Request.
  Time since last request: 0.003683 seconds.
  path: Assets/Enemries/SwordSkeletonAnimation.anim
  artifactKey: Guid(d827c0467dd2b9144844f6dec71cd792) Importer(815301076,1909f56bfc062723c751e8b465ee728b)
Start importing Assets/Enemries/SwordSkeletonAnimation.anim using Guid(d827c0467dd2b9144844f6dec71cd792) Importer(815301076,1909f56bfc062723c751e8b465ee728b)  -> (artifact id: '698f416397f0e933d4c05a565b8c18d6') in 0.003956 seconds
  Import took 0.011527 seconds .

========================================================================
Received Import Request.
  Time since last request: 4.645449 seconds.
  path: Assets/Enemries/Sword_sprite_0.controller
  artifactKey: Guid(1370d26d6c36cec408208f5d2cd84b18) Importer(815301076,1909f56bfc062723c751e8b465ee728b)
Start importing Assets/Enemries/Sword_sprite_0.controller using Guid(1370d26d6c36cec408208f5d2cd84b18) Importer(815301076,1909f56bfc062723c751e8b465ee728b)  -> (artifact id: 'ebcf162554eb276eed66e473066c3928') in 0.009738 seconds
  Import took 0.017391 seconds .

========================================================================
Received Import Request.
  Time since last request: 2.756652 seconds.
  path: Assets/Enemries/Monster_Creatures_Fantasy(Version 1.3)
  artifactKey: Guid(cf198057097d68c478d754122fd642d1) Importer(815301076,1909f56bfc062723c751e8b465ee728b)
Start importing Assets/Enemries/Monster_Creatures_Fantasy(Version 1.3) using Guid(cf198057097d68c478d754122fd642d1) Importer(815301076,1909f56bfc062723c751e8b465ee728b)  -> (artifact id: '914a18f78afac853bfacc149fe133009') in 0.009461 seconds
  Import took 0.016150 seconds .

========================================================================
Received Import Request.
  Time since last request: 2.019134 seconds.
  path: Assets/Enemries/Monster_Creatures_Fantasy(Version 1.3)/All Characters.png
  artifactKey: Guid(10d62eb3aad6eee4f8dc5a4fa86de2d8) Importer(815301076,1909f56bfc062723c751e8b465ee728b)
Start importing Assets/Enemries/Monster_Creatures_Fantasy(Version 1.3)/All Characters.png using Guid(10d62eb3aad6eee4f8dc5a4fa86de2d8) Importer(815301076,1909f56bfc062723c751e8b465ee728b)  -> (artifact id: '451b107a611e491e2e6c583e7e874a3d') in 0.022933 seconds
  Import took 0.030420 seconds .

========================================================================
Received Import Request.
  Time since last request: 1.331658 seconds.
  path: Assets/Enemries/Monster_Creatures_Fantasy(Version 1.3)/Flying eye
  artifactKey: Guid(048e5bb6ca1bb8740829c47f0f97ef20) Importer(815301076,1909f56bfc062723c751e8b465ee728b)
Start importing Assets/Enemries/Monster_Creatures_Fantasy(Version 1.3)/Flying eye using Guid(048e5bb6ca1bb8740829c47f0f97ef20) Importer(815301076,1909f56bfc062723c751e8b465ee728b)  -> (artifact id: 'a589416631020155bb00deb5e08f2251') in 0.008339 seconds
  Import took 0.015245 seconds .

========================================================================
Received Import Request.
  Time since last request: 0.098475 seconds.
  path: Assets/Enemries/Monster_Creatures_Fantasy(Version 1.3)/Flying eye/Attack.png
  artifactKey: Guid(533ed63cc3f03584d9cce6ea7af9ea2a) Importer(815301076,1909f56bfc062723c751e8b465ee728b)
Start importing Assets/Enemries/Monster_Creatures_Fantasy(Version 1.3)/Flying eye/Attack.png using Guid(533ed63cc3f03584d9cce6ea7af9ea2a) Importer(815301076,1909f56bfc062723c751e8b465ee728b)  -> (artifact id: '8ea10673949ec506fb4324cc77f28c51') in 0.018566 seconds
  Import took 0.025896 seconds .

========================================================================
Received Import Request.
  Time since last request: 0.000302 seconds.
  path: Assets/Enemries/Monster_Creatures_Fantasy(Version 1.3)/Flying eye/Flight.png
  artifactKey: Guid(c5de275c862060648bfb86b71b0ccd5d) Importer(815301076,1909f56bfc062723c751e8b465ee728b)
Start importing Assets/Enemries/Monster_Creatures_Fantasy(Version 1.3)/Flying eye/Flight.png using Guid(c5de275c862060648bfb86b71b0ccd5d) Importer(815301076,1909f56bfc062723c751e8b465ee728b)  -> (artifact id: '80abb77602a0526598272a0b080f7997') in 0.019141 seconds
  Import took 0.026267 seconds .

========================================================================
Received Import Request.
  Time since last request: 0.000243 seconds.
  path: Assets/Enemries/Monster_Creatures_Fantasy(Version 1.3)/Flying eye/Attack3.png
  artifactKey: Guid(7d3860f725554c946b690cef7f4d6583) Importer(815301076,1909f56bfc062723c751e8b465ee728b)
Start importing Assets/Enemries/Monster_Creatures_Fantasy(Version 1.3)/Flying eye/Attack3.png using Guid(7d3860f725554c946b690cef7f4d6583) Importer(815301076,1909f56bfc062723c751e8b465ee728b)  -> (artifact id: 'a4c93c9c0f4ed8f9258b8c93030b6388') in 0.026560 seconds
  Import took 0.034252 seconds .

========================================================================
Received Import Request.
  Time since last request: 0.000248 seconds.
  path: Assets/Enemries/Monster_Creatures_Fantasy(Version 1.3)/Flying eye/Take Hit.png
  artifactKey: Guid(c03a16103b6fbb5479596480d59361c6) Importer(815301076,1909f56bfc062723c751e8b465ee728b)
Start importing Assets/Enemries/Monster_Creatures_Fantasy(Version 1.3)/Flying eye/Take Hit.png using Guid(c03a16103b6fbb5479596480d59361c6) Importer(815301076,1909f56bfc062723c751e8b465ee728b)  -> (artifact id: 'd9cea2367c23a8b9131c413ca185ece7') in 0.015818 seconds
  Import took 0.022898 seconds .

========================================================================
Received Import Request.
  Time since last request: 0.000312 seconds.
  path: Assets/Enemries/Monster_Creatures_Fantasy(Version 1.3)/Flying eye/Attack2.png
  artifactKey: Guid(9ab91a06fded18e43919884631348e8f) Importer(815301076,1909f56bfc062723c751e8b465ee728b)
Start importing Assets/Enemries/Monster_Creatures_Fantasy(Version 1.3)/Flying eye/Attack2.png using Guid(9ab91a06fded18e43919884631348e8f) Importer(815301076,1909f56bfc062723c751e8b465ee728b)  -> (artifact id: '0dae1a3acbe64b0034ae137f6b9f5b6d') in 0.018382 seconds
  Import took 0.026800 seconds .

========================================================================
Received Import Request.
  Time since last request: 0.000240 seconds.
  path: Assets/Enemries/Monster_Creatures_Fantasy(Version 1.3)/Flying eye/Death.png
  artifactKey: Guid(70dc3e7588faa8e459f4ab23b027f554) Importer(815301076,1909f56bfc062723c751e8b465ee728b)
Start importing Assets/Enemries/Monster_Creatures_Fantasy(Version 1.3)/Flying eye/Death.png using Guid(70dc3e7588faa8e459f4ab23b027f554) Importer(815301076,1909f56bfc062723c751e8b465ee728b)  -> (artifact id: '24b81ec080ae783e93628c8e0300fffc') in 0.019977 seconds
  Import took 0.029335 seconds .

========================================================================
Received Import Request.
  Time since last request: 2.688278 seconds.
  path: Assets/Enemries/Monster_Creatures_Fantasy(Version 1.3)/Goblin
  artifactKey: Guid(16be3b343f171ad418227bcd784b0f51) Importer(815301076,1909f56bfc062723c751e8b465ee728b)
Start importing Assets/Enemries/Monster_Creatures_Fantasy(Version 1.3)/Goblin using Guid(16be3b343f171ad418227bcd784b0f51) Importer(815301076,1909f56bfc062723c751e8b465ee728b)  -> (artifact id: '574c076ad737c170152ce98f5435294f') in 0.008177 seconds
  Import took 0.015518 seconds .

========================================================================
Received Import Request.
  Time since last request: 1.260504 seconds.
  path: Assets/Enemries/Monster_Creatures_Fantasy(Version 1.3)/Goblin/Attack.png
  artifactKey: Guid(c82dda2627b97b247a4f183b76c1a696) Importer(815301076,1909f56bfc062723c751e8b465ee728b)
Start importing Assets/Enemries/Monster_Creatures_Fantasy(Version 1.3)/Goblin/Attack.png using Guid(c82dda2627b97b247a4f183b76c1a696) Importer(815301076,1909f56bfc062723c751e8b465ee728b)  -> (artifact id: '3818353890b77d2c687af134ca37c570') in 0.039893 seconds
  Import took 0.047313 seconds .

========================================================================
Received Import Request.
  Time since last request: 0.000243 seconds.
  path: Assets/Enemries/Monster_Creatures_Fantasy(Version 1.3)/Goblin/Bomb_sprite.png
  artifactKey: Guid(28df19b92e01b9142a8b69d4f87226fa) Importer(815301076,1909f56bfc062723c751e8b465ee728b)
Start importing Assets/Enemries/Monster_Creatures_Fantasy(Version 1.3)/Goblin/Bomb_sprite.png using Guid(28df19b92e01b9142a8b69d4f87226fa) Importer(815301076,1909f56bfc062723c751e8b465ee728b)  -> (artifact id: '4b81cdc2dc1519d1a6d26e1e255c7f67') in 0.079563 seconds
  Import took 0.086080 seconds .

========================================================================
Received Import Request.
  Time since last request: 0.000234 seconds.
  path: Assets/Enemries/Monster_Creatures_Fantasy(Version 1.3)/Goblin/Run.png
  artifactKey: Guid(fad14bcb8515f9040865862831810849) Importer(815301076,1909f56bfc062723c751e8b465ee728b)
Start importing Assets/Enemries/Monster_Creatures_Fantasy(Version 1.3)/Goblin/Run.png using Guid(fad14bcb8515f9040865862831810849) Importer(815301076,1909f56bfc062723c751e8b465ee728b)  -> (artifact id: '95bbb63a9fb05643635a78a861bf2ee1') in 0.044471 seconds
  Import took 0.049471 seconds .

========================================================================
Received Import Request.
  Time since last request: 0.000235 seconds.
  path: Assets/Enemries/Monster_Creatures_Fantasy(Version 1.3)/Goblin/Death.png
  artifactKey: Guid(3a3054769e1be344c93952ac3558867d) Importer(815301076,1909f56bfc062723c751e8b465ee728b)
Start importing Assets/Enemries/Monster_Creatures_Fantasy(Version 1.3)/Goblin/Death.png using Guid(3a3054769e1be344c93952ac3558867d) Importer(815301076,1909f56bfc062723c751e8b465ee728b)  -> (artifact id: '75da38a576f6bf0657b25cd97a5a0291') in 0.031733 seconds
  Import took 0.036762 seconds .

========================================================================
Received Import Request.
  Time since last request: 0.000242 seconds.
  path: Assets/Enemries/Monster_Creatures_Fantasy(Version 1.3)/Goblin/Attack3.png
  artifactKey: Guid(a7a9be18c02943a4a843fb54501dbdd1) Importer(815301076,1909f56bfc062723c751e8b465ee728b)
Start importing Assets/Enemries/Monster_Creatures_Fantasy(Version 1.3)/Goblin/Attack3.png using Guid(a7a9be18c02943a4a843fb54501dbdd1) Importer(815301076,1909f56bfc062723c751e8b465ee728b)  -> (artifact id: '6d05191b7ca2e0633d6f20725b3faa99') in 0.064056 seconds
  Import took 0.069508 seconds .

========================================================================
Received Import Request.
  Time since last request: 0.000235 seconds.
  path: Assets/Enemries/Monster_Creatures_Fantasy(Version 1.3)/Goblin/Attack2.png
  artifactKey: Guid(030d8c1fbd612b2418ddb082373d4d56) Importer(815301076,1909f56bfc062723c751e8b465ee728b)
Start importing Assets/Enemries/Monster_Creatures_Fantasy(Version 1.3)/Goblin/Attack2.png using Guid(030d8c1fbd612b2418ddb082373d4d56) Importer(815301076,1909f56bfc062723c751e8b465ee728b)  -> (artifact id: '4b42ee7a870e351fb7b0b2e836b919e5') in 0.040898 seconds
  Import took 0.045964 seconds .

========================================================================
Received Import Request.
  Time since last request: 0.000227 seconds.
  path: Assets/Enemries/Monster_Creatures_Fantasy(Version 1.3)/Goblin/Idle.png
  artifactKey: Guid(c3e77a3657d21ed4d9742d46e1de69c3) Importer(815301076,1909f56bfc062723c751e8b465ee728b)
Start importing Assets/Enemries/Monster_Creatures_Fantasy(Version 1.3)/Goblin/Idle.png using Guid(c3e77a3657d21ed4d9742d46e1de69c3) Importer(815301076,1909f56bfc062723c751e8b465ee728b)  -> (artifact id: 'c812cce30e749a18f0cda698add6bfe6') in 0.032826 seconds
  Import took 0.038014 seconds .

========================================================================
Received Import Request.
  Time since last request: 0.000235 seconds.
  path: Assets/Enemries/Monster_Creatures_Fantasy(Version 1.3)/Goblin/Take Hit.png
  artifactKey: Guid(4386ddbfe7c4b40419103d34099ced38) Importer(815301076,1909f56bfc062723c751e8b465ee728b)
Start importing Assets/Enemries/Monster_Creatures_Fantasy(Version 1.3)/Goblin/Take Hit.png using Guid(4386ddbfe7c4b40419103d34099ced38) Importer(815301076,1909f56bfc062723c751e8b465ee728b)  -> (artifact id: 'c77f3d03616fe279704d7d0273cb29dc') in 0.027842 seconds
  Import took 0.033301 seconds .

========================================================================
Received Import Request.
  Time since last request: 2.594353 seconds.
  path: Assets/Enemries/Monster_Creatures_Fantasy(Version 1.3)/Goblin/Goblin.controller
  artifactKey: Guid(0edd999e61d4f71438c8369b51d27603) Importer(815301076,1909f56bfc062723c751e8b465ee728b)
Start importing Assets/Enemries/Monster_Creatures_Fantasy(Version 1.3)/Goblin/Goblin.controller using Guid(0edd999e61d4f71438c8369b51d27603) Importer(815301076,1909f56bfc062723c751e8b465ee728b)  -> (artifact id: '2df3c11a5e8d07ec3517c12ae0254702') in 0.008230 seconds
  Import took 0.013363 seconds .

========================================================================
Received Import Request.
  Time since last request: 5.785644 seconds.
  path: Assets/Enemries/Monster_Creatures_Fantasy(Version 1.3)/Skeleton
  artifactKey: Guid(0c72ffd5ea60a414d9d60b0788fa4970) Importer(815301076,1909f56bfc062723c751e8b465ee728b)
Start importing Assets/Enemries/Monster_Creatures_Fantasy(Version 1.3)/Skeleton using Guid(0c72ffd5ea60a414d9d60b0788fa4970) Importer(815301076,1909f56bfc062723c751e8b465ee728b)  -> (artifact id: '3c6cf08c86f8d4056e91efcc2381cf95') in 0.002997 seconds
  Import took 0.007883 seconds .

========================================================================
Received Import Request.
  Time since last request: 0.094426 seconds.
  path: Assets/Enemries/Monster_Creatures_Fantasy(Version 1.3)/Skeleton/Attack.png
  artifactKey: Guid(400fb25b3c97d074a9c7769384a14549) Importer(815301076,1909f56bfc062723c751e8b465ee728b)
Start importing Assets/Enemries/Monster_Creatures_Fantasy(Version 1.3)/Skeleton/Attack.png using Guid(400fb25b3c97d074a9c7769384a14549) Importer(815301076,1909f56bfc062723c751e8b465ee728b)  -> (artifact id: 'a27c98d8a6bf7213952e265e7392f518') in 0.015609 seconds
  Import took 0.022320 seconds .

========================================================================
Received Import Request.
  Time since last request: 0.000275 seconds.
  path: Assets/Enemries/Monster_Creatures_Fantasy(Version 1.3)/Skeleton/Shield.png
  artifactKey: Guid(d1fa32ee76778d14899fb8b2274f6213) Importer(815301076,1909f56bfc062723c751e8b465ee728b)
Start importing Assets/Enemries/Monster_Creatures_Fantasy(Version 1.3)/Skeleton/Shield.png using Guid(d1fa32ee76778d14899fb8b2274f6213) Importer(815301076,1909f56bfc062723c751e8b465ee728b)  -> (artifact id: 'd3be804cb5a3894c9c35238b599337fd') in 0.016113 seconds
  Import took 0.022991 seconds .

========================================================================
Received Import Request.
  Time since last request: 0.000228 seconds.
  path: Assets/Enemries/Monster_Creatures_Fantasy(Version 1.3)/Skeleton/Idle.png
  artifactKey: Guid(328d6a264e032ca4dbf252f1e6f60958) Importer(815301076,1909f56bfc062723c751e8b465ee728b)
Start importing Assets/Enemries/Monster_Creatures_Fantasy(Version 1.3)/Skeleton/Idle.png using Guid(328d6a264e032ca4dbf252f1e6f60958) Importer(815301076,1909f56bfc062723c751e8b465ee728b)  -> (artifact id: 'addd7879327cd50449f2fe790a9b0fb2') in 0.018403 seconds
  Import took 0.023261 seconds .

========================================================================
Received Import Request.
  Time since last request: 0.000207 seconds.
  path: Assets/Enemries/Monster_Creatures_Fantasy(Version 1.3)/Skeleton/Attack3.png
  artifactKey: Guid(6bc5d4a9bebd33645a1c4366008fda79) Importer(815301076,1909f56bfc062723c751e8b465ee728b)
Start importing Assets/Enemries/Monster_Creatures_Fantasy(Version 1.3)/Skeleton/Attack3.png using Guid(6bc5d4a9bebd33645a1c4366008fda79) Importer(815301076,1909f56bfc062723c751e8b465ee728b)  -> (artifact id: 'a5ee9b95e8aba64ec8530ea37af926e5') in 0.029258 seconds
  Import took 0.034117 seconds .

========================================================================
Received Import Request.
  Time since last request: 0.000229 seconds.
  path: Assets/Enemries/Monster_Creatures_Fantasy(Version 1.3)/Skeleton/Death.png
  artifactKey: Guid(f9fa53c81c8474c409e15c1f6a5b4d8b) Importer(815301076,1909f56bfc062723c751e8b465ee728b)
Start importing Assets/Enemries/Monster_Creatures_Fantasy(Version 1.3)/Skeleton/Death.png using Guid(f9fa53c81c8474c409e15c1f6a5b4d8b) Importer(815301076,1909f56bfc062723c751e8b465ee728b)  -> (artifact id: 'ad6d2e9fed5551afdae257a7c710b7f6') in 0.016745 seconds
  Import took 0.023627 seconds .

========================================================================
Received Import Request.
  Time since last request: 0.000316 seconds.
  path: Assets/Enemries/Monster_Creatures_Fantasy(Version 1.3)/Skeleton/Walk.png
  artifactKey: Guid(5e2e4ce1e4075004eaa4a63e93114bc1) Importer(815301076,1909f56bfc062723c751e8b465ee728b)
Start importing Assets/Enemries/Monster_Creatures_Fantasy(Version 1.3)/Skeleton/Walk.png using Guid(5e2e4ce1e4075004eaa4a63e93114bc1) Importer(815301076,1909f56bfc062723c751e8b465ee728b)  -> (artifact id: 'de7c65e95229f2468ee94bcc3ac9fa34') in 0.013249 seconds
  Import took 0.018893 seconds .

========================================================================
Received Import Request.
  Time since last request: 0.000248 seconds.
  path: Assets/Enemries/Monster_Creatures_Fantasy(Version 1.3)/Skeleton/Attack2.png
  artifactKey: Guid(82f612ba683b266498f6d72ba67c5049) Importer(815301076,1909f56bfc062723c751e8b465ee728b)
Start importing Assets/Enemries/Monster_Creatures_Fantasy(Version 1.3)/Skeleton/Attack2.png using Guid(82f612ba683b266498f6d72ba67c5049) Importer(815301076,1909f56bfc062723c751e8b465ee728b)  -> (artifact id: '0fd4e5ead719ba4ef2a8f8fe9243c10b') in 0.018995 seconds
  Import took 0.024551 seconds .

========================================================================
Received Import Request.
  Time since last request: 0.000278 seconds.
  path: Assets/Enemries/Monster_Creatures_Fantasy(Version 1.3)/Skeleton/Take Hit.png
  artifactKey: Guid(142062f468e8b9f4d9b6836e57f78c54) Importer(815301076,1909f56bfc062723c751e8b465ee728b)
Start importing Assets/Enemries/Monster_Creatures_Fantasy(Version 1.3)/Skeleton/Take Hit.png using Guid(142062f468e8b9f4d9b6836e57f78c54) Importer(815301076,1909f56bfc062723c751e8b465ee728b)  -> (artifact id: '4ef2fe3a8a82f47733b4648817784f6e') in 0.019011 seconds
  Import took 0.024867 seconds .

========================================================================
Received Prepare
Registering precompiled user dll's ...
Registered in 0.001689 seconds.
Begin MonoManager ReloadAssembly
Native extension for WindowsStandalone target not found
Refreshing native plugins compatible for Editor in 0.61 ms, found 1 plugins.
Preloading 0 native plugins for Editor in 0.00 ms.
Invoked RoslynAnalysisRunner static constructor.
RoslynAnalysisRunner will not be running.
RoslynAnalysisRunner has terminated.
Mono: successfully reloaded assembly
- Completed reload, in  1.337 seconds
Platform modules already initialized, skipping
Refreshing native plugins compatible for Editor in 0.54 ms, found 1 plugins.
Preloading 0 native plugins for Editor in 0.00 ms.
Unloading 1945 Unused Serialized files (Serialized files now loaded: 0)
System memory in use before: 93.3 MB.
System memory in use after: 93.3 MB.

Unloading 13 unused Assets to reduce memory usage. Loaded Objects now: 2428.
Total: 2.659600 ms (FindLiveObjects: 0.252800 ms CreateObjectMapping: 0.095300 ms MarkObjects: 2.175400 ms  DeleteObjects: 0.135000 ms)

========================================================================
Received Prepare
Registering precompiled user dll's ...
Registered in 0.001681 seconds.
Begin MonoManager ReloadAssembly
Native extension for WindowsStandalone target not found
Refreshing native plugins compatible for Editor in 0.56 ms, found 1 plugins.
Preloading 0 native plugins for Editor in 0.00 ms.
Invoked RoslynAnalysisRunner static constructor.
RoslynAnalysisRunner will not be running.
RoslynAnalysisRunner has terminated.
Mono: successfully reloaded assembly
- Completed reload, in  1.350 seconds
Platform modules already initialized, skipping
Refreshing native plugins compatible for Editor in 0.58 ms, found 1 plugins.
Preloading 0 native plugins for Editor in 0.00 ms.
Unloading 1945 Unused Serialized files (Serialized files now loaded: 0)
System memory in use before: 93.5 MB.
System memory in use after: 93.5 MB.

Unloading 13 unused Assets to reduce memory usage. Loaded Objects now: 2431.
Total: 2.805100 ms (FindLiveObjects: 0.246400 ms CreateObjectMapping: 0.108500 ms MarkObjects: 2.315500 ms  DeleteObjects: 0.133200 ms)

========================================================================
Received Prepare
Registering precompiled user dll's ...
Registered in 0.001697 seconds.
Begin MonoManager ReloadAssembly
Native extension for WindowsStandalone target not found
Refreshing native plugins compatible for Editor in 0.55 ms, found 1 plugins.
Preloading 0 native plugins for Editor in 0.00 ms.
Invoked RoslynAnalysisRunner static constructor.
RoslynAnalysisRunner will not be running.
RoslynAnalysisRunner has terminated.
Mono: successfully reloaded assembly
- Completed reload, in  1.278 seconds
Platform modules already initialized, skipping
Refreshing native plugins compatible for Editor in 0.55 ms, found 1 plugins.
Preloading 0 native plugins for Editor in 0.00 ms.
Unloading 1945 Unused Serialized files (Serialized files now loaded: 0)
System memory in use before: 93.6 MB.
System memory in use after: 93.6 MB.

Unloading 13 unused Assets to reduce memory usage. Loaded Objects now: 2434.
Total: 2.493800 ms (FindLiveObjects: 0.251800 ms CreateObjectMapping: 0.101600 ms MarkObjects: 2.006100 ms  DeleteObjects: 0.133100 ms)

========================================================================
Received Prepare
Registering precompiled user dll's ...
Registered in 0.001661 seconds.
Begin MonoManager ReloadAssembly
Native extension for WindowsStandalone target not found
Refreshing native plugins compatible for Editor in 0.81 ms, found 1 plugins.
Preloading 0 native plugins for Editor in 0.00 ms.
Invoked RoslynAnalysisRunner static constructor.
RoslynAnalysisRunner will not be running.
RoslynAnalysisRunner has terminated.
Mono: successfully reloaded assembly
- Completed reload, in  1.364 seconds
Platform modules already initialized, skipping
Refreshing native plugins compatible for Editor in 0.53 ms, found 1 plugins.
Preloading 0 native plugins for Editor in 0.00 ms.
Unloading 1945 Unused Serialized files (Serialized files now loaded: 0)
System memory in use before: 93.6 MB.
System memory in use after: 93.7 MB.

Unloading 13 unused Assets to reduce memory usage. Loaded Objects now: 2437.
Total: 3.033100 ms (FindLiveObjects: 0.297100 ms CreateObjectMapping: 0.132100 ms MarkObjects: 2.425300 ms  DeleteObjects: 0.175700 ms)

========================================================================
Received Prepare
Registering precompiled user dll's ...
Registered in 0.002344 seconds.
Begin MonoManager ReloadAssembly
Native extension for WindowsStandalone target not found
Refreshing native plugins compatible for Editor in 0.49 ms, found 1 plugins.
Preloading 0 native plugins for Editor in 0.00 ms.
Invoked RoslynAnalysisRunner static constructor.
RoslynAnalysisRunner will not be running.
RoslynAnalysisRunner has terminated.
Mono: successfully reloaded assembly
- Completed reload, in  1.214 seconds
Platform modules already initialized, skipping
Refreshing native plugins compatible for Editor in 0.57 ms, found 1 plugins.
Preloading 0 native plugins for Editor in 0.00 ms.
Unloading 1945 Unused Serialized files (Serialized files now loaded: 0)
System memory in use before: 93.7 MB.
System memory in use after: 93.7 MB.

Unloading 13 unused Assets to reduce memory usage. Loaded Objects now: 2440.
Total: 2.829600 ms (FindLiveObjects: 0.370200 ms CreateObjectMapping: 0.105800 ms MarkObjects: 2.219600 ms  DeleteObjects: 0.132500 ms)

========================================================================
Received Prepare
Registering precompiled user dll's ...
Registered in 0.002361 seconds.
Begin MonoManager ReloadAssembly
Native extension for WindowsStandalone target not found
Refreshing native plugins compatible for Editor in 0.51 ms, found 1 plugins.
Preloading 0 native plugins for Editor in 0.00 ms.
Invoked RoslynAnalysisRunner static constructor.
RoslynAnalysisRunner will not be running.
RoslynAnalysisRunner has terminated.
Mono: successfully reloaded assembly
- Completed reload, in  1.309 seconds
Platform modules already initialized, skipping
Refreshing native plugins compatible for Editor in 0.49 ms, found 1 plugins.
Preloading 0 native plugins for Editor in 0.00 ms.
Unloading 1945 Unused Serialized files (Serialized files now loaded: 0)
System memory in use before: 93.8 MB.
System memory in use after: 93.8 MB.

Unloading 13 unused Assets to reduce memory usage. Loaded Objects now: 2443.
Total: 2.705800 ms (FindLiveObjects: 0.257900 ms CreateObjectMapping: 0.114000 ms MarkObjects: 2.190700 ms  DeleteObjects: 0.140900 ms)

========================================================================
Received Prepare
Registering precompiled user dll's ...
Registered in 0.001568 seconds.
Begin MonoManager ReloadAssembly
Native extension for WindowsStandalone target not found
Refreshing native plugins compatible for Editor in 0.50 ms, found 1 plugins.
Preloading 0 native plugins for Editor in 0.00 ms.
Invoked RoslynAnalysisRunner static constructor.
RoslynAnalysisRunner will not be running.
RoslynAnalysisRunner has terminated.
Mono: successfully reloaded assembly
- Completed reload, in  1.548 seconds
Platform modules already initialized, skipping
Refreshing native plugins compatible for Editor in 0.50 ms, found 1 plugins.
Preloading 0 native plugins for Editor in 0.00 ms.
Unloading 1945 Unused Serialized files (Serialized files now loaded: 0)
System memory in use before: 93.9 MB.
System memory in use after: 93.9 MB.

Unloading 13 unused Assets to reduce memory usage. Loaded Objects now: 2446.
Total: 3.631200 ms (FindLiveObjects: 0.454400 ms CreateObjectMapping: 0.176300 ms MarkObjects: 2.847300 ms  DeleteObjects: 0.151600 ms)

========================================================================
Received Prepare
Registering precompiled user dll's ...
Registered in 0.001573 seconds.
Begin MonoManager ReloadAssembly
Native extension for WindowsStandalone target not found
Refreshing native plugins compatible for Editor in 0.67 ms, found 1 plugins.
Preloading 0 native plugins for Editor in 0.00 ms.
Invoked RoslynAnalysisRunner static constructor.
RoslynAnalysisRunner will not be running.
RoslynAnalysisRunner has terminated.
Mono: successfully reloaded assembly
- Completed reload, in  1.369 seconds
Platform modules already initialized, skipping
Refreshing native plugins compatible for Editor in 0.50 ms, found 1 plugins.
Preloading 0 native plugins for Editor in 0.00 ms.
Unloading 1945 Unused Serialized files (Serialized files now loaded: 0)
System memory in use before: 94.0 MB.
System memory in use after: 94.0 MB.

Unloading 13 unused Assets to reduce memory usage. Loaded Objects now: 2449.
Total: 2.777300 ms (FindLiveObjects: 0.250000 ms CreateObjectMapping: 0.090200 ms MarkObjects: 2.303200 ms  DeleteObjects: 0.132500 ms)

========================================================================
Received Import Request.
  Time since last request: 951.656257 seconds.
  path: Assets/Scenes/Level 1.unity
  artifactKey: Guid(752c3db65001a274f99a2a9d23b8829e) Importer(815301076,1909f56bfc062723c751e8b465ee728b)
Start importing Assets/Scenes/Level 1.unity using Guid(752c3db65001a274f99a2a9d23b8829e) Importer(815301076,1909f56bfc062723c751e8b465ee728b)  -> (artifact id: '16cd4c8c1fe027120d28fd5b77a70a1a') in 0.023724 seconds
  Import took 0.032229 seconds .

========================================================================
Received Prepare
Registering precompiled user dll's ...
Registered in 0.001598 seconds.
Begin MonoManager ReloadAssembly
Native extension for WindowsStandalone target not found
Refreshing native plugins compatible for Editor in 0.60 ms, found 1 plugins.
Preloading 0 native plugins for Editor in 0.00 ms.
Invoked RoslynAnalysisRunner static constructor.
RoslynAnalysisRunner will not be running.
RoslynAnalysisRunner has terminated.
Mono: successfully reloaded assembly
- Completed reload, in  1.387 seconds
Platform modules already initialized, skipping
Refreshing native plugins compatible for Editor in 0.50 ms, found 1 plugins.
Preloading 0 native plugins for Editor in 0.00 ms.
Unloading 1945 Unused Serialized files (Serialized files now loaded: 0)
System memory in use before: 94.1 MB.
System memory in use after: 94.1 MB.

Unloading 13 unused Assets to reduce memory usage. Loaded Objects now: 2452.
Total: 3.085900 ms (FindLiveObjects: 0.351000 ms CreateObjectMapping: 0.126800 ms MarkObjects: 2.461700 ms  DeleteObjects: 0.144500 ms)

========================================================================
Received Prepare
Registering precompiled user dll's ...
Registered in 0.001715 seconds.
Begin MonoManager ReloadAssembly
Native extension for WindowsStandalone target not found
Refreshing native plugins compatible for Editor in 1.43 ms, found 1 plugins.
Preloading 0 native plugins for Editor in 0.00 ms.
Invoked RoslynAnalysisRunner static constructor.
RoslynAnalysisRunner will not be running.
RoslynAnalysisRunner has terminated.
Mono: successfully reloaded assembly
- Completed reload, in  1.286 seconds
Platform modules already initialized, skipping
Refreshing native plugins compatible for Editor in 0.50 ms, found 1 plugins.
Preloading 0 native plugins for Editor in 0.00 ms.
Unloading 1945 Unused Serialized files (Serialized files now loaded: 0)
System memory in use before: 94.2 MB.
System memory in use after: 94.2 MB.

Unloading 13 unused Assets to reduce memory usage. Loaded Objects now: 2455.
Total: 2.956800 ms (FindLiveObjects: 0.262300 ms CreateObjectMapping: 0.097000 ms MarkObjects: 2.440200 ms  DeleteObjects: 0.156000 ms)

========================================================================
Received Prepare
Registering precompiled user dll's ...
Registered in 0.002092 seconds.
Begin MonoManager ReloadAssembly
Native extension for WindowsStandalone target not found
Refreshing native plugins compatible for Editor in 0.51 ms, found 1 plugins.
Preloading 0 native plugins for Editor in 0.00 ms.
Invoked RoslynAnalysisRunner static constructor.
RoslynAnalysisRunner will not be running.
RoslynAnalysisRunner has terminated.
Mono: successfully reloaded assembly
- Completed reload, in  1.363 seconds
Platform modules already initialized, skipping
Refreshing native plugins compatible for Editor in 0.50 ms, found 1 plugins.
Preloading 0 native plugins for Editor in 0.00 ms.
Unloading 1945 Unused Serialized files (Serialized files now loaded: 0)
System memory in use before: 94.3 MB.
System memory in use after: 94.3 MB.

Unloading 13 unused Assets to reduce memory usage. Loaded Objects now: 2458.
Total: 2.729500 ms (FindLiveObjects: 0.403700 ms CreateObjectMapping: 0.147200 ms MarkObjects: 2.040500 ms  DeleteObjects: 0.137000 ms)

========================================================================
Received Prepare
Registering precompiled user dll's ...
Registered in 0.001561 seconds.
Begin MonoManager ReloadAssembly
Native extension for WindowsStandalone target not found
Refreshing native plugins compatible for Editor in 0.52 ms, found 1 plugins.
Preloading 0 native plugins for Editor in 0.00 ms.
Invoked RoslynAnalysisRunner static constructor.
RoslynAnalysisRunner will not be running.
RoslynAnalysisRunner has terminated.
Mono: successfully reloaded assembly
- Completed reload, in  1.335 seconds
Platform modules already initialized, skipping
Refreshing native plugins compatible for Editor in 0.49 ms, found 1 plugins.
Preloading 0 native plugins for Editor in 0.00 ms.
Unloading 1945 Unused Serialized files (Serialized files now loaded: 0)
System memory in use before: 94.4 MB.
System memory in use after: 94.4 MB.

Unloading 13 unused Assets to reduce memory usage. Loaded Objects now: 2461.
Total: 2.733000 ms (FindLiveObjects: 0.243300 ms CreateObjectMapping: 0.096100 ms MarkObjects: 2.259400 ms  DeleteObjects: 0.132800 ms)

========================================================================
Received Prepare
Registering precompiled user dll's ...
Registered in 0.002509 seconds.
Begin MonoManager ReloadAssembly
Native extension for WindowsStandalone target not found
Refreshing native plugins compatible for Editor in 0.93 ms, found 1 plugins.
Preloading 0 native plugins for Editor in 0.00 ms.
Invoked RoslynAnalysisRunner static constructor.
RoslynAnalysisRunner will not be running.
RoslynAnalysisRunner has terminated.
Mono: successfully reloaded assembly
- Completed reload, in  1.491 seconds
Platform modules already initialized, skipping
Refreshing native plugins compatible for Editor in 1.13 ms, found 1 plugins.
Preloading 0 native plugins for Editor in 0.00 ms.
Unloading 1945 Unused Serialized files (Serialized files now loaded: 0)
System memory in use before: 94.5 MB.
System memory in use after: 94.5 MB.

Unloading 13 unused Assets to reduce memory usage. Loaded Objects now: 2464.
Total: 3.289500 ms (FindLiveObjects: 0.272800 ms CreateObjectMapping: 0.105200 ms MarkObjects: 2.736200 ms  DeleteObjects: 0.173400 ms)

========================================================================
Received Prepare
Registering precompiled user dll's ...
Registered in 0.001714 seconds.
Begin MonoManager ReloadAssembly
Native extension for WindowsStandalone target not found
Refreshing native plugins compatible for Editor in 0.51 ms, found 1 plugins.
Preloading 0 native plugins for Editor in 0.00 ms.
Invoked RoslynAnalysisRunner static constructor.
RoslynAnalysisRunner will not be running.
RoslynAnalysisRunner has terminated.
Mono: successfully reloaded assembly
- Completed reload, in  1.307 seconds
Platform modules already initialized, skipping
Refreshing native plugins compatible for Editor in 0.57 ms, found 1 plugins.
Preloading 0 native plugins for Editor in 0.00 ms.
Unloading 1945 Unused Serialized files (Serialized files now loaded: 0)
System memory in use before: 94.6 MB.
System memory in use after: 94.6 MB.

Unloading 13 unused Assets to reduce memory usage. Loaded Objects now: 2467.
Total: 2.540700 ms (FindLiveObjects: 0.249300 ms CreateObjectMapping: 0.102900 ms MarkObjects: 2.049200 ms  DeleteObjects: 0.138100 ms)

========================================================================
Received Prepare
Registering precompiled user dll's ...
Registered in 0.001571 seconds.
Begin MonoManager ReloadAssembly
Native extension for WindowsStandalone target not found
Refreshing native plugins compatible for Editor in 0.54 ms, found 1 plugins.
Preloading 0 native plugins for Editor in 0.00 ms.
Invoked RoslynAnalysisRunner static constructor.
RoslynAnalysisRunner will not be running.
RoslynAnalysisRunner has terminated.
Mono: successfully reloaded assembly
- Completed reload, in  1.298 seconds
Platform modules already initialized, skipping
Refreshing native plugins compatible for Editor in 0.52 ms, found 1 plugins.
Preloading 0 native plugins for Editor in 0.00 ms.
Unloading 1945 Unused Serialized files (Serialized files now loaded: 0)
System memory in use before: 94.7 MB.
System memory in use after: 94.7 MB.

Unloading 13 unused Assets to reduce memory usage. Loaded Objects now: 2470.
Total: 2.856500 ms (FindLiveObjects: 0.319900 ms CreateObjectMapping: 0.114000 ms MarkObjects: 2.287400 ms  DeleteObjects: 0.133800 ms)

========================================================================
Received Prepare
Registering precompiled user dll's ...
Registered in 0.002570 seconds.
Begin MonoManager ReloadAssembly
Native extension for WindowsStandalone target not found
Refreshing native plugins compatible for Editor in 0.62 ms, found 1 plugins.
Preloading 0 native plugins for Editor in 0.00 ms.
Invoked RoslynAnalysisRunner static constructor.
RoslynAnalysisRunner will not be running.
RoslynAnalysisRunner has terminated.
Mono: successfully reloaded assembly
- Completed reload, in  1.470 seconds
Platform modules already initialized, skipping
Refreshing native plugins compatible for Editor in 0.58 ms, found 1 plugins.
Preloading 0 native plugins for Editor in 0.00 ms.
Unloading 1945 Unused Serialized files (Serialized files now loaded: 0)
System memory in use before: 94.8 MB.
System memory in use after: 94.8 MB.

Unloading 13 unused Assets to reduce memory usage. Loaded Objects now: 2473.
Total: 3.812000 ms (FindLiveObjects: 0.650400 ms CreateObjectMapping: 0.176800 ms MarkObjects: 2.821000 ms  DeleteObjects: 0.161700 ms)

========================================================================
Received Prepare
Registering precompiled user dll's ...
Registered in 0.002302 seconds.
Begin MonoManager ReloadAssembly
Native extension for WindowsStandalone target not found
Refreshing native plugins compatible for Editor in 0.91 ms, found 1 plugins.
Preloading 0 native plugins for Editor in 0.00 ms.
Invoked RoslynAnalysisRunner static constructor.
RoslynAnalysisRunner will not be running.
RoslynAnalysisRunner has terminated.
Mono: successfully reloaded assembly
- Completed reload, in  1.634 seconds
Platform modules already initialized, skipping
Refreshing native plugins compatible for Editor in 0.52 ms, found 1 plugins.
Preloading 0 native plugins for Editor in 0.00 ms.
Unloading 1945 Unused Serialized files (Serialized files now loaded: 0)
System memory in use before: 94.9 MB.
System memory in use after: 94.9 MB.

Unloading 13 unused Assets to reduce memory usage. Loaded Objects now: 2476.
Total: 3.031400 ms (FindLiveObjects: 0.370700 ms CreateObjectMapping: 0.244100 ms MarkObjects: 2.287500 ms  DeleteObjects: 0.127700 ms)

========================================================================
Received Prepare
Registering precompiled user dll's ...
Registered in 0.001590 seconds.
Begin MonoManager ReloadAssembly
Native extension for WindowsStandalone target not found
Refreshing native plugins compatible for Editor in 0.51 ms, found 1 plugins.
Preloading 0 native plugins for Editor in 0.00 ms.
Invoked RoslynAnalysisRunner static constructor.
RoslynAnalysisRunner will not be running.
RoslynAnalysisRunner has terminated.
Mono: successfully reloaded assembly
- Completed reload, in  1.301 seconds
Platform modules already initialized, skipping
Refreshing native plugins compatible for Editor in 0.92 ms, found 1 plugins.
Preloading 0 native plugins for Editor in 0.00 ms.
Unloading 1945 Unused Serialized files (Serialized files now loaded: 0)
System memory in use before: 95.0 MB.
System memory in use after: 95.0 MB.

Unloading 13 unused Assets to reduce memory usage. Loaded Objects now: 2479.
Total: 3.982900 ms (FindLiveObjects: 0.544700 ms CreateObjectMapping: 0.349400 ms MarkObjects: 2.876400 ms  DeleteObjects: 0.210500 ms)

========================================================================
Received Prepare
Registering precompiled user dll's ...
Registered in 0.001539 seconds.
Begin MonoManager ReloadAssembly
Native extension for WindowsStandalone target not found
Refreshing native plugins compatible for Editor in 0.49 ms, found 1 plugins.
Preloading 0 native plugins for Editor in 0.00 ms.
Invoked RoslynAnalysisRunner static constructor.
RoslynAnalysisRunner will not be running.
RoslynAnalysisRunner has terminated.
Mono: successfully reloaded assembly
- Completed reload, in  1.174 seconds
Platform modules already initialized, skipping
Refreshing native plugins compatible for Editor in 0.48 ms, found 1 plugins.
Preloading 0 native plugins for Editor in 0.00 ms.
Unloading 1945 Unused Serialized files (Serialized files now loaded: 0)
System memory in use before: 95.1 MB.
System memory in use after: 95.1 MB.

Unloading 13 unused Assets to reduce memory usage. Loaded Objects now: 2482.
Total: 3.513200 ms (FindLiveObjects: 0.379600 ms CreateObjectMapping: 0.166100 ms MarkObjects: 2.783700 ms  DeleteObjects: 0.181800 ms)

========================================================================
Received Prepare
Registering precompiled user dll's ...
Registered in 0.001622 seconds.
Begin MonoManager ReloadAssembly
Native extension for WindowsStandalone target not found
Refreshing native plugins compatible for Editor in 0.49 ms, found 1 plugins.
Preloading 0 native plugins for Editor in 0.00 ms.
Invoked RoslynAnalysisRunner static constructor.
RoslynAnalysisRunner will not be running.
RoslynAnalysisRunner has terminated.
Mono: successfully reloaded assembly
- Completed reload, in  1.264 seconds
Platform modules already initialized, skipping
Refreshing native plugins compatible for Editor in 0.49 ms, found 1 plugins.
Preloading 0 native plugins for Editor in 0.00 ms.
Unloading 1945 Unused Serialized files (Serialized files now loaded: 0)
System memory in use before: 95.2 MB.
System memory in use after: 95.2 MB.

Unloading 13 unused Assets to reduce memory usage. Loaded Objects now: 2485.
Total: 2.462100 ms (FindLiveObjects: 0.239400 ms CreateObjectMapping: 0.088200 ms MarkObjects: 1.994000 ms  DeleteObjects: 0.138900 ms)

========================================================================
Received Prepare
Registering precompiled user dll's ...
Registered in 0.001601 seconds.
Begin MonoManager ReloadAssembly
Native extension for WindowsStandalone target not found
Refreshing native plugins compatible for Editor in 0.50 ms, found 1 plugins.
Preloading 0 native plugins for Editor in 0.00 ms.
Invoked RoslynAnalysisRunner static constructor.
RoslynAnalysisRunner will not be running.
RoslynAnalysisRunner has terminated.
Mono: successfully reloaded assembly
- Completed reload, in  1.343 seconds
Platform modules already initialized, skipping
Refreshing native plugins compatible for Editor in 0.48 ms, found 1 plugins.
Preloading 0 native plugins for Editor in 0.00 ms.
Unloading 1945 Unused Serialized files (Serialized files now loaded: 0)
System memory in use before: 94.3 MB.
System memory in use after: 94.3 MB.

Unloading 13 unused Assets to reduce memory usage. Loaded Objects now: 2488.
Total: 2.815000 ms (FindLiveObjects: 0.277800 ms CreateObjectMapping: 0.104300 ms MarkObjects: 2.293000 ms  DeleteObjects: 0.137900 ms)

========================================================================
Received Prepare
Registering precompiled user dll's ...
Registered in 0.001559 seconds.
Begin MonoManager ReloadAssembly
Native extension for WindowsStandalone target not found
Refreshing native plugins compatible for Editor in 0.51 ms, found 1 plugins.
Preloading 0 native plugins for Editor in 0.00 ms.
Invoked RoslynAnalysisRunner static constructor.
RoslynAnalysisRunner will not be running.
RoslynAnalysisRunner has terminated.
Mono: successfully reloaded assembly
- Completed reload, in  1.223 seconds
Platform modules already initialized, skipping
Refreshing native plugins compatible for Editor in 0.54 ms, found 1 plugins.
Preloading 0 native plugins for Editor in 0.00 ms.
Unloading 1945 Unused Serialized files (Serialized files now loaded: 0)
System memory in use before: 94.4 MB.
System memory in use after: 94.4 MB.

Unloading 13 unused Assets to reduce memory usage. Loaded Objects now: 2491.
Total: 2.525000 ms (FindLiveObjects: 0.296600 ms CreateObjectMapping: 0.101800 ms MarkObjects: 1.985600 ms  DeleteObjects: 0.139500 ms)

AssetImportWorkerClient::OnTransportError - code=2 error=End of file
